Base path: '/home/shreyj/Unity Editors/2019.4.17f1/Editor/Data', plugins path '/home/shreyj/Unity Editors/2019.4.17f1/Editor/Data/PlaybackEngines'
Cmd: initializeCompiler
Cmd: preprocess
  insize=811 outsize=209 ok=1
Cmd: preprocess
  insize=811 outsize=209 ok=1
Cmd: preprocess
  insize=811 outsize=209 ok=1
Cmd: preprocess
  insize=811 outsize=209 ok=1
Cmd: preprocess
  insize=811 outsize=209 ok=1
Cmd: preprocess
  insize=811 outsize=209 ok=1
Cmd: preprocess
  insize=3855 outsize=322 ok=1
Cmd: preprocess
  insize=3334 outsize=324 ok=1
Cmd: preprocess
  insize=3134 outsize=324 ok=1
Cmd: preprocess
  insize=52359 outsize=2496 ok=1
Cmd: preprocess
  insize=49147 outsize=2495 ok=1
Cmd: preprocess
  insize=811 outsize=209 ok=1
Cmd: preprocess
  insize=3171 outsize=321 ok=1
Cmd: preprocess
  insize=3784 outsize=322 ok=1
Cmd: preprocess
  insize=4008 outsize=322 ok=1
Cmd: preprocess
  insize=4008 outsize=323 ok=1
Cmd: preprocess
  insize=3801 outsize=321 ok=1
Cmd: preprocess
  insize=52122 outsize=2496 ok=1
Cmd: preprocess
  insize=3122 outsize=324 ok=1
Cmd: preprocess
  insize=3322 outsize=324 ok=1
Cmd: preprocess
  insize=3789 outsize=323 ok=1
Cmd: preprocess
  insize=52104 outsize=2497 ok=1
Cmd: preprocess
  insize=3031 outsize=324 ok=1
Cmd: preprocess
  insize=3231 outsize=324 ok=1
Cmd: preprocess
  insize=3698 outsize=323 ok=1
Cmd: preprocess
  insize=52044 outsize=2497 ok=1
Cmd: preprocess
  insize=4416 outsize=326 ok=1
Cmd: preprocess
  insize=4616 outsize=324 ok=1
Cmd: preprocess
  insize=5083 outsize=323 ok=1
Cmd: preprocess
  insize=51602 outsize=2495 ok=1
Cmd: preprocess
  insize=3158 outsize=323 ok=1
Cmd: preprocess
  insize=3358 outsize=324 ok=1
Cmd: preprocess
  insize=3825 outsize=323 ok=1
Cmd: preprocess
  insize=52161 outsize=2497 ok=1
Cmd: preprocess
  insize=3134 outsize=324 ok=1
Cmd: preprocess
  insize=3334 outsize=324 ok=1
Cmd: preprocess
  insize=3801 outsize=321 ok=1
Cmd: preprocess
  insize=52122 outsize=2496 ok=1
Cmd: preprocess
  insize=811 outsize=209 ok=1
Cmd: preprocess
  insize=811 outsize=209 ok=1
Cmd: preprocess
  insize=811 outsize=209 ok=1
Cmd: preprocess
  insize=811 outsize=209 ok=1
Cmd: preprocess
  insize=811 outsize=209 ok=1
Cmd: preprocess
  insize=811 outsize=209 ok=1
Cmd: preprocess
  insize=3801 outsize=321 ok=1
Cmd: preprocess
  insize=3334 outsize=324 ok=1
Cmd: preprocess
  insize=3134 outsize=324 ok=1
Cmd: preprocess
  insize=52122 outsize=2496 ok=1
Cmd: preprocess
  insize=3801 outsize=321 ok=1
Cmd: preprocess
  insize=52122 outsize=2496 ok=1
Cmd: preprocess
  insize=49147 outsize=2495 ok=1
Cmd: preprocess
  insize=811 outsize=209 ok=1
Cmd: preprocess
  insize=3117 outsize=329 ok=1
Cmd: preprocess
  insize=3339 outsize=329 ok=1
Cmd: preprocess
  insize=3296 outsize=329 ok=1
Cmd: preprocess
  insize=3899 outsize=329 ok=1
Cmd: preprocess
  insize=52470 outsize=2497 ok=1
Cmd: preprocess
  insize=3117 outsize=329 ok=1
Cmd: preprocess
  insize=49147 outsize=2495 ok=1
Cmd: preprocess
  insize=3720 outsize=328 ok=1
Cmd: preprocess
  insize=3942 outsize=329 ok=1
Cmd: preprocess
  insize=3899 outsize=329 ok=1
Cmd: preprocess
  insize=811 outsize=209 ok=1
Cmd: preprocess
  insize=811 outsize=209 ok=1
Cmd: preprocess
  insize=811 outsize=209 ok=1
Cmd: preprocess
  insize=811 outsize=209 ok=1
Cmd: preprocess
  insize=811 outsize=209 ok=1
Cmd: preprocess
  insize=811 outsize=209 ok=1
Cmd: preprocess
  insize=3899 outsize=329 ok=1
Cmd: preprocess
  insize=3334 outsize=324 ok=1
Cmd: preprocess
  insize=3134 outsize=324 ok=1
Cmd: preprocess
  insize=49147 outsize=2495 ok=1
Cmd: preprocess
  insize=3899 outsize=329 ok=1
Cmd: preprocess
  insize=811 outsize=209 ok=1
Cmd: preprocess
  insize=811 outsize=209 ok=1
Cmd: preprocess
  insize=811 outsize=209 ok=1
Cmd: preprocess
  insize=811 outsize=209 ok=1
Cmd: preprocess
  insize=811 outsize=209 ok=1
Cmd: preprocess
  insize=811 outsize=209 ok=1
Cmd: preprocess
  insize=3899 outsize=329 ok=1
Cmd: preprocess
  insize=3334 outsize=324 ok=1
Cmd: preprocess
  insize=3134 outsize=324 ok=1
Cmd: preprocess
  insize=49147 outsize=2495 ok=1
Cmd: preprocess
  insize=3899 outsize=329 ok=1
Cmd: preprocess
  insize=811 outsize=209 ok=1
Cmd: preprocess
  insize=811 outsize=209 ok=1
Cmd: preprocess
  insize=811 outsize=209 ok=1
Cmd: preprocess
  insize=811 outsize=209 ok=1
Cmd: preprocess
  insize=811 outsize=209 ok=1
Cmd: preprocess
  insize=811 outsize=209 ok=1
Cmd: preprocess
  insize=3033 outsize=326 ok=1
Cmd: preprocess
  insize=3136 outsize=326 ok=1
Cmd: preprocess
  insize=811 outsize=209 ok=1
Cmd: preprocess
  insize=3173 outsize=325 ok=1
Cmd: preprocess
  insize=811 outsize=209 ok=1
Cmd: preprocess
  insize=2931 outsize=324 ok=1
Cmd: preprocess
  insize=3336 outsize=326 ok=1
Cmd: preprocess
  insize=811 outsize=209 ok=1
Cmd: preprocess
  insize=3119 outsize=331 ok=1
Cmd: preprocess
  insize=3344 outsize=330 ok=1
Cmd: preprocess
  insize=3301 outsize=331 ok=1
Cmd: preprocess
  insize=3904 outsize=331 ok=1
Cmd: preprocess
  insize=3722 outsize=331 ok=1
Cmd: preprocess
  insize=3947 outsize=331 ok=1
Cmd: preprocess
  insize=3904 outsize=331 ok=1
Cmd: preprocess
  insize=52481 outsize=2499 ok=1
Cmd: preprocess
  insize=49496 outsize=2508 ok=1
Cmd: compileSnippet
  api=15 type=0 insize=12762 outsize=9287 kw=_ADDITIONAL_LIGHTS pd=UNITY_ENABLE_REFLECTION_BUFFERS UNITY_USE_DITHER_MASK_FOR_ALPHABLENDED_SHADOWS UNITY_PBS_USE_BRDF1 UNITY_SPECCUBE_BOX_PROJECTION UNITY_SPECCUBE_BLENDING UNITY_ENABLE_DETAIL_NORMALMAP SHADER_API_DESKTOP UNITY_COLORSPACE_GAMMA UNITY_LIGHT_PROBE_PROXY_VOLUME UNITY_LIGHTMAP_FULL_HDR ok=1
Cmd: compileSnippet
  api=15 type=1 insize=12762 outsize=0 kw=_ADDITIONAL_LIGHTS pd=UNITY_ENABLE_REFLECTION_BUFFERS UNITY_USE_DITHER_MASK_FOR_ALPHABLENDED_SHADOWS UNITY_PBS_USE_BRDF1 UNITY_SPECCUBE_BOX_PROJECTION UNITY_SPECCUBE_BLENDING UNITY_ENABLE_DETAIL_NORMALMAP SHADER_API_DESKTOP UNITY_COLORSPACE_GAMMA UNITY_LIGHT_PROBE_PROXY_VOLUME UNITY_LIGHTMAP_FULL_HDR ok=1
Cmd: preprocess
  insize=49496 outsize=2508 ok=1

Quitting shader compiler process
